\BOOKMARK [1][-]{section.1}{[Q1]}{}% 1
\BOOKMARK [1][-]{section.2}{[Q2]}{}% 2
\BOOKMARK [1][-]{section.3}{[Q3]}{}% 3
\BOOKMARK [2][-]{subsection.3.1}{\(a\)}{section.3}% 4
\BOOKMARK [2][-]{subsection.3.2}{\(b\)}{section.3}% 5
\BOOKMARK [2][-]{subsection.3.3}{\(c\)}{section.3}% 6
\BOOKMARK [1][-]{section.4}{[Q4]}{}% 7
\BOOKMARK [2][-]{subsection.4.1}{\(a\)}{section.4}% 8
\BOOKMARK [2][-]{subsection.4.2}{\(b\)}{section.4}% 9
\BOOKMARK [2][-]{subsection.4.3}{\(c\)}{section.4}% 10
\BOOKMARK [2][-]{subsection.4.4}{\(d\)}{section.4}% 11
\BOOKMARK [2][-]{subsection.4.5}{\(e\)}{section.4}% 12
\BOOKMARK [2][-]{subsection.4.6}{\(f\)}{section.4}% 13
\BOOKMARK [1][-]{section.5}{[Q5]}{}% 14
\BOOKMARK [2][-]{subsection.5.1}{\(a\)}{section.5}% 15
\BOOKMARK [2][-]{subsection.5.2}{\(b\)}{section.5}% 16
\BOOKMARK [1][-]{section.6}{[Q6]}{}% 17
\BOOKMARK [2][-]{subsection.6.1}{\(a\)}{section.6}% 18
\BOOKMARK [2][-]{subsection.6.2}{\(b\)}{section.6}% 19
\BOOKMARK [2][-]{subsection.6.3}{\(c\)}{section.6}% 20
\BOOKMARK [1][-]{section.7}{[Q7]}{}% 21
\BOOKMARK [2][-]{subsection.7.1}{\(a\)}{section.7}% 22
\BOOKMARK [2][-]{subsection.7.2}{\(b\)}{section.7}% 23
\BOOKMARK [2][-]{subsection.7.3}{\(c\)}{section.7}% 24
\BOOKMARK [2][-]{subsection.7.4}{\(d\)}{section.7}% 25
\BOOKMARK [2][-]{subsection.7.5}{\(e\)}{section.7}% 26
\BOOKMARK [1][-]{section.8}{[Q8]}{}% 27
\BOOKMARK [1][-]{section.9}{[Q9]}{}% 28
\BOOKMARK [2][-]{subsection.9.1}{\(a\)}{section.9}% 29
\BOOKMARK [2][-]{subsection.9.2}{\(b\)}{section.9}% 30
\BOOKMARK [2][-]{subsection.9.3}{\(c\)}{section.9}% 31
\BOOKMARK [2][-]{subsection.9.4}{\(d\)}{section.9}% 32
\BOOKMARK [2][-]{subsection.9.5}{\(e\)}{section.9}% 33
\BOOKMARK [1][-]{section.10}{[Q10]}{}% 34
\BOOKMARK [2][-]{subsection.10.1}{\(a\)}{section.10}% 35
\BOOKMARK [2][-]{subsection.10.2}{\(b\)}{section.10}% 36
\BOOKMARK [2][-]{subsection.10.3}{\(c\)}{section.10}% 37
\BOOKMARK [2][-]{subsection.10.4}{\(d\)}{section.10}% 38
\BOOKMARK [1][-]{section.11}{Appendix}{}% 39
\BOOKMARK [2][-]{subsection.11.1}{Q7}{section.11}% 40
\BOOKMARK [2][-]{subsection.11.2}{Q10}{section.11}% 41
